[0m16:25:58.085133 [debug] [MainThread]: Sending event: {'category': 'dbt', 'action': 'invocation', 'label': 'start', 'context': [<snowplow_tracker.self_describing_json.SelfDescribingJson object at 0x1023cdb80>, <snowplow_tracker.self_describing_json.SelfDescribingJson object at 0x1043e1280>, <snowplow_tracker.self_describing_json.SelfDescribingJson object at 0x1043e1970>]}


============================== 16:25:58.087082 | 720a4444-688a-4ecf-a4cd-c1db1d185809 ==============================
[0m16:25:58.087082 [info ] [MainThread]: Running with dbt=1.8.1
[0m16:25:58.087463 [debug] [MainThread]: running dbt with arguments {'printer_width': '80', 'indirect_selection': 'eager', 'log_cache_events': 'False', 'write_json': 'True', 'partial_parse': 'True', 'cache_selected_only': 'False', 'profiles_dir': '/Users/shrikanth/.dbt', 'fail_fast': 'False', 'warn_error': 'None', 'log_path': '/Users/shrikanth/Shrikanth/dbt-helloworld/pgmigrate/logs', 'debug': 'False', 'version_check': 'True', 'use_colors': 'True', 'use_experimental_parser': 'False', 'no_print': 'None', 'quiet': 'False', 'log_format': 'default', 'invocation_command': 'dbt ls', 'static_parser': 'True', 'warn_error_options': 'WarnErrorOptions(include=[], exclude=[])', 'target_path': 'None', 'introspect': 'True', 'send_anonymous_usage_stats': 'True'}
[0m16:25:58.089081 [error] [MainThread]: Encountered an error:
Runtime Error
  Could not find profile named 'pgmigrate'
[0m16:25:58.089867 [debug] [MainThread]: Resource report: {"command_name": "list", "command_wall_clock_time": 0.03750879, "process_user_time": 0.546413, "process_kernel_time": 0.051485, "process_mem_max_rss": "85114880", "command_success": false, "process_in_blocks": "0", "process_out_blocks": "0"}
[0m16:25:58.090272 [debug] [MainThread]: Command `dbt ls` failed at 16:25:58.090212 after 0.04 seconds
[0m16:25:58.090517 [debug] [MainThread]: Sending event: {'category': 'dbt', 'action': 'invocation', 'label': 'end', 'context': [<snowplow_tracker.self_describing_json.SelfDescribingJson object at 0x1023cdb80>, <snowplow_tracker.self_describing_json.SelfDescribingJson object at 0x10441f1f0>, <snowplow_tracker.self_describing_json.SelfDescribingJson object at 0x10441f250>]}
[0m16:25:58.090750 [debug] [MainThread]: Flushing usage events
[0m16:26:45.024386 [debug] [MainThread]: Sending event: {'category': 'dbt', 'action': 'invocation', 'label': 'start', 'context': [<snowplow_tracker.self_describing_json.SelfDescribingJson object at 0x10667dbb0>, <snowplow_tracker.self_describing_json.SelfDescribingJson object at 0x108693eb0>, <snowplow_tracker.self_describing_json.SelfDescribingJson object at 0x108693730>]}


============================== 16:26:45.026952 | bc591e0d-afc5-4f31-9061-b5d92784cddb ==============================
[0m16:26:45.026952 [info ] [MainThread]: Running with dbt=1.8.1
[0m16:26:45.027343 [debug] [MainThread]: running dbt with arguments {'printer_width': '80', 'indirect_selection': 'eager', 'write_json': 'True', 'log_cache_events': 'False', 'partial_parse': 'True', 'cache_selected_only': 'False', 'warn_error': 'None', 'fail_fast': 'False', 'version_check': 'True', 'log_path': '/Users/shrikanth/Shrikanth/dbt-helloworld/pgmigrate/logs', 'profiles_dir': '/Users/shrikanth/.dbt', 'debug': 'False', 'use_colors': 'True', 'use_experimental_parser': 'False', 'no_print': 'None', 'quiet': 'False', 'warn_error_options': 'WarnErrorOptions(include=[], exclude=[])', 'static_parser': 'True', 'invocation_command': 'dbt run', 'introspect': 'True', 'target_path': 'None', 'log_format': 'default', 'send_anonymous_usage_stats': 'True'}
[0m16:26:45.029030 [error] [MainThread]: Encountered an error:
Runtime Error
  Could not find profile named 'pgmigrate'
[0m16:26:45.030442 [debug] [MainThread]: Resource report: {"command_name": "run", "command_wall_clock_time": 0.041365918, "process_user_time": 0.557151, "process_kernel_time": 0.077928, "process_mem_max_rss": "85245952", "command_success": false, "process_in_blocks": "0", "process_out_blocks": "0"}
[0m16:26:45.030842 [debug] [MainThread]: Command `dbt run` failed at 16:26:45.030786 after 0.04 seconds
[0m16:26:45.031099 [debug] [MainThread]: Sending event: {'category': 'dbt', 'action': 'invocation', 'label': 'end', 'context': [<snowplow_tracker.self_describing_json.SelfDescribingJson object at 0x10667dbb0>, <snowplow_tracker.self_describing_json.SelfDescribingJson object at 0x10806ab20>, <snowplow_tracker.self_describing_json.SelfDescribingJson object at 0x1083652b0>]}
[0m16:26:45.031340 [debug] [MainThread]: Flushing usage events
[0m11:50:10.361611 [debug] [MainThread]: Sending event: {'category': 'dbt', 'action': 'invocation', 'label': 'start', 'context': [<snowplow_tracker.self_describing_json.SelfDescribingJson object at 0x1029e3760>, <snowplow_tracker.self_describing_json.SelfDescribingJson object at 0x106ee3550>, <snowplow_tracker.self_describing_json.SelfDescribingJson object at 0x106ee3e80>]}


============================== 11:50:10.365258 | a7811440-e2e3-452f-9c64-2cfd8478aa9f ==============================
[0m11:50:10.365258 [info ] [MainThread]: Running with dbt=1.8.1
[0m11:50:10.365703 [debug] [MainThread]: running dbt with arguments {'printer_width': '80', 'indirect_selection': 'eager', 'write_json': 'True', 'log_cache_events': 'False', 'partial_parse': 'True', 'cache_selected_only': 'False', 'profiles_dir': '/Users/shrikanth/.dbt', 'fail_fast': 'False', 'version_check': 'True', 'log_path': '/Users/shrikanth/Shrikanth/dbt-helloworld/logs', 'debug': 'False', 'warn_error': 'None', 'use_colors': 'True', 'use_experimental_parser': 'False', 'no_print': 'None', 'quiet': 'False', 'log_format': 'default', 'invocation_command': 'dbt deps', 'warn_error_options': 'WarnErrorOptions(include=[], exclude=[])', 'introspect': 'True', 'target_path': 'None', 'static_parser': 'True', 'send_anonymous_usage_stats': 'True'}
[0m11:50:10.492037 [debug] [MainThread]: Sending event: {'category': 'dbt', 'action': 'project_id', 'label': 'a7811440-e2e3-452f-9c64-2cfd8478aa9f', 'context': [<snowplow_tracker.self_describing_json.SelfDescribingJson object at 0x106ea4220>]}
[0m11:50:10.503217 [debug] [MainThread]: Set downloads directory='/var/folders/ll/3nys2tln7dv4vrs7t9wxvd5w0000gn/T/dbt-downloads-5xhkt4io'
[0m11:50:10.503632 [debug] [MainThread]: Executing "git clone --depth 1 https://github.com/dbt-labs/dbt-utils.git b03949bb53de3439f6a8057088ba4032"
[0m11:50:12.118312 [debug] [MainThread]: STDOUT: "b''"
[0m11:50:12.118926 [debug] [MainThread]: STDERR: "b"Cloning into 'b03949bb53de3439f6a8057088ba4032'...\n""
[0m11:50:12.119289 [debug] [MainThread]: Pulling new dependency b03949bb53de3439f6a8057088ba4032.
[0m11:50:12.119508 [debug] [MainThread]: Executing "git rev-parse HEAD"
[0m11:50:12.125157 [debug] [MainThread]: STDOUT: "b'fc98e4e30cd299ddd67c43902f2a5efa9511edfb\n'"
[0m11:50:12.125674 [debug] [MainThread]: STDERR: "b''"
[0m11:50:12.125911 [debug] [MainThread]: Checking out revision 1.1.1.
[0m11:50:12.126115 [debug] [MainThread]: Executing "git remote set-branches origin 1.1.1"
[0m11:50:12.133184 [debug] [MainThread]: STDOUT: "b''"
[0m11:50:12.133683 [debug] [MainThread]: STDERR: "b''"
[0m11:50:12.133952 [debug] [MainThread]: Executing "git fetch origin --depth 1 --tags 1.1.1"
[0m11:50:14.142571 [debug] [MainThread]: STDOUT: "b''"
[0m11:50:14.143240 [debug] [MainThread]: STDERR: "b'From https://github.com/dbt-labs/dbt-utils\n * tag               1.1.1      -> FETCH_HEAD\n * [new tag]         0.0.1      -> 0.0.1\n * [new tag]         0.1.0      -> 0.1.0\n * [new tag]         0.1.1      -> 0.1.1\n * [new tag]         0.1.10     -> 0.1.10\n * [new tag]         0.1.11     -> 0.1.11\n * [new tag]         0.1.12     -> 0.1.12\n * [new tag]         0.1.13     -> 0.1.13\n * [new tag]         0.1.14     -> 0.1.14\n * [new tag]         0.1.15     -> 0.1.15\n * [new tag]         0.1.16     -> 0.1.16\n * [new tag]         0.1.17     -> 0.1.17\n * [new tag]         0.1.18     -> 0.1.18\n * [new tag]         0.1.19     -> 0.1.19\n * [new tag]         0.1.2      -> 0.1.2\n * [new tag]         0.1.20     -> 0.1.20\n * [new tag]         0.1.21     -> 0.1.21\n * [new tag]         0.1.22     -> 0.1.22\n * [new tag]         0.1.23     -> 0.1.23\n * [new tag]         0.1.24     -> 0.1.24\n * [new tag]         0.1.25     -> 0.1.25\n * [new tag]         0.1.3      -> 0.1.3\n * [new tag]         0.1.4      -> 0.1.4\n * [new tag]         0.1.5      -> 0.1.5\n * [new tag]         0.1.6      -> 0.1.6\n * [new tag]         0.1.7      -> 0.1.7\n * [new tag]         0.1.8      -> 0.1.8\n * [new tag]         0.1.9      -> 0.1.9\n * [new tag]         0.2.0      -> 0.2.0\n * [new tag]         0.2.1      -> 0.2.1\n * [new tag]         0.2.2      -> 0.2.2\n * [new tag]         0.2.3      -> 0.2.3\n * [new tag]         0.2.4      -> 0.2.4\n * [new tag]         0.2.5      -> 0.2.5\n * [new tag]         0.3.0      -> 0.3.0\n * [new tag]         0.4.0      -> 0.4.0\n * [new tag]         0.4.1      -> 0.4.1\n * [new tag]         0.5.0      -> 0.5.0\n * [new tag]         0.5.1      -> 0.5.1\n * [new tag]         0.6.0      -> 0.6.0\n * [new tag]         0.6.1      -> 0.6.1\n * [new tag]         0.6.2      -> 0.6.2\n * [new tag]         0.6.3      -> 0.6.3\n * [new tag]         0.6.4      -> 0.6.4\n * [new tag]         0.6.5      -> 0.6.5\n * [new tag]         0.6.6      -> 0.6.6\n * [new tag]         0.7.0      -> 0.7.0\n * [new tag]         0.7.1      -> 0.7.1\n * [new tag]         0.7.2      -> 0.7.2\n * [new tag]         0.7.3      -> 0.7.3\n * [new tag]         0.7.4      -> 0.7.4\n * [new tag]         0.7.4-b1   -> 0.7.4-b1\n * [new tag]         0.7.4b1    -> 0.7.4b1\n * [new tag]         0.7.5      -> 0.7.5\n * [new tag]         0.7.6      -> 0.7.6\n * [new tag]         0.8.0      -> 0.8.0\n * [new tag]         0.8.1      -> 0.8.1\n * [new tag]         0.8.2      -> 0.8.2\n * [new tag]         0.8.3      -> 0.8.3\n * [new tag]         0.8.4      -> 0.8.4\n * [new tag]         0.8.5      -> 0.8.5\n * [new tag]         0.8.6      -> 0.8.6\n * [new tag]         0.9.0      -> 0.9.0\n * [new tag]         0.9.1      -> 0.9.1\n * [new tag]         0.9.2      -> 0.9.2\n * [new tag]         0.9.5      -> 0.9.5\n * [new tag]         0.9.6      -> 0.9.6\n * [new tag]         1.0.0      -> 1.0.0\n * [new tag]         1.0.0-b1   -> 1.0.0-b1\n * [new tag]         1.0.0-b2   -> 1.0.0-b2\n * [new tag]         1.0.0-rc1  -> 1.0.0-rc1\n * [new tag]         1.1.0      -> 1.1.0\n * [new tag]         1.1.1      -> 1.1.1\n * [new tag]         1.2.0-rc1  -> 1.2.0-rc1\n'"
[0m11:50:14.143592 [debug] [MainThread]: Executing "git tag --list"
[0m11:50:14.149657 [debug] [MainThread]: STDOUT: "b'0.0.1\n0.1.0\n0.1.1\n0.1.10\n0.1.11\n0.1.12\n0.1.13\n0.1.14\n0.1.15\n0.1.16\n0.1.17\n0.1.18\n0.1.19\n0.1.2\n0.1.20\n0.1.21\n0.1.22\n0.1.23\n0.1.24\n0.1.25\n0.1.3\n0.1.4\n0.1.5\n0.1.6\n0.1.7\n0.1.8\n0.1.9\n0.2.0\n0.2.1\n0.2.2\n0.2.3\n0.2.4\n0.2.5\n0.3.0\n0.4.0\n0.4.1\n0.5.0\n0.5.1\n0.6.0\n0.6.1\n0.6.2\n0.6.3\n0.6.4\n0.6.5\n0.6.6\n0.7.0\n0.7.1\n0.7.2\n0.7.3\n0.7.4\n0.7.4-b1\n0.7.4b1\n0.7.5\n0.7.6\n0.8.0\n0.8.1\n0.8.2\n0.8.3\n0.8.4\n0.8.5\n0.8.6\n0.9.0\n0.9.1\n0.9.2\n0.9.5\n0.9.6\n1.0.0\n1.0.0-b1\n1.0.0-b2\n1.0.0-rc1\n1.1.0\n1.1.1\n1.2.0-rc1\n'"
[0m11:50:14.150097 [debug] [MainThread]: STDERR: "b''"
[0m11:50:14.150305 [debug] [MainThread]: Executing "git reset --hard tags/1.1.1"
[0m11:50:14.167096 [debug] [MainThread]: STDOUT: "b'HEAD is now at 74a661c Update CHANGELOG for v1.1.1 (#803)\n'"
[0m11:50:14.167560 [debug] [MainThread]: STDERR: "b''"
[0m11:50:14.167779 [debug] [MainThread]: Executing "git rev-parse HEAD"
[0m11:50:14.172086 [debug] [MainThread]: STDOUT: "b'74a661ca00452da7d2b2811ff1e5a37f152c3ee2\n'"
[0m11:50:14.172490 [debug] [MainThread]: STDERR: "b''"
[0m11:50:14.172709 [debug] [MainThread]: Checked out at 74a661c.
[0m11:50:14.172913 [debug] [MainThread]: Executing "git rev-parse HEAD"
[0m11:50:14.176898 [debug] [MainThread]: STDOUT: "b'74a661ca00452da7d2b2811ff1e5a37f152c3ee2\n'"
[0m11:50:14.177310 [debug] [MainThread]: STDERR: "b''"
[0m11:50:14.178104 [debug] [MainThread]: Executing "git clone --depth 1 https://github.com/dbt-labs/dbt-utils.git b03949bb53de3439f6a8057088ba4032"
[0m11:50:14.182251 [debug] [MainThread]: STDOUT: "b''"
[0m11:50:14.182650 [debug] [MainThread]: STDERR: "b"fatal: destination path 'b03949bb53de3439f6a8057088ba4032' already exists and is not an empty directory.\n""
[0m11:50:14.182837 [debug] [MainThread]: command return code=128
[0m11:50:14.183560 [debug] [MainThread]: Updating existing dependency b03949bb53de3439f6a8057088ba4032.
[0m11:50:14.183749 [debug] [MainThread]: Executing "git rev-parse HEAD"
[0m11:50:14.187814 [debug] [MainThread]: STDOUT: "b'74a661ca00452da7d2b2811ff1e5a37f152c3ee2\n'"
[0m11:50:14.188205 [debug] [MainThread]: STDERR: "b''"
[0m11:50:14.188401 [debug] [MainThread]: Checking out revision 1.1.1.
[0m11:50:14.188593 [debug] [MainThread]: Executing "git remote set-branches origin 1.1.1"
[0m11:50:14.193101 [debug] [MainThread]: STDOUT: "b''"
[0m11:50:14.193488 [debug] [MainThread]: STDERR: "b''"
[0m11:50:14.193672 [debug] [MainThread]: Executing "git fetch origin --depth 1 --tags 1.1.1"
[0m11:50:15.170563 [debug] [MainThread]: STDOUT: "b''"
[0m11:50:15.171098 [debug] [MainThread]: STDERR: "b'From https://github.com/dbt-labs/dbt-utils\n * tag               1.1.1      -> FETCH_HEAD\n'"
[0m11:50:15.171332 [debug] [MainThread]: Executing "git tag --list"
[0m11:50:15.176955 [debug] [MainThread]: STDOUT: "b'0.0.1\n0.1.0\n0.1.1\n0.1.10\n0.1.11\n0.1.12\n0.1.13\n0.1.14\n0.1.15\n0.1.16\n0.1.17\n0.1.18\n0.1.19\n0.1.2\n0.1.20\n0.1.21\n0.1.22\n0.1.23\n0.1.24\n0.1.25\n0.1.3\n0.1.4\n0.1.5\n0.1.6\n0.1.7\n0.1.8\n0.1.9\n0.2.0\n0.2.1\n0.2.2\n0.2.3\n0.2.4\n0.2.5\n0.3.0\n0.4.0\n0.4.1\n0.5.0\n0.5.1\n0.6.0\n0.6.1\n0.6.2\n0.6.3\n0.6.4\n0.6.5\n0.6.6\n0.7.0\n0.7.1\n0.7.2\n0.7.3\n0.7.4\n0.7.4-b1\n0.7.4b1\n0.7.5\n0.7.6\n0.8.0\n0.8.1\n0.8.2\n0.8.3\n0.8.4\n0.8.5\n0.8.6\n0.9.0\n0.9.1\n0.9.2\n0.9.5\n0.9.6\n1.0.0\n1.0.0-b1\n1.0.0-b2\n1.0.0-rc1\n1.1.0\n1.1.1\n1.2.0-rc1\n'"
[0m11:50:15.177407 [debug] [MainThread]: STDERR: "b''"
[0m11:50:15.177633 [debug] [MainThread]: Executing "git reset --hard tags/1.1.1"
[0m11:50:15.185661 [debug] [MainThread]: STDOUT: "b'HEAD is now at 74a661c Update CHANGELOG for v1.1.1 (#803)\n'"
[0m11:50:15.186061 [debug] [MainThread]: STDERR: "b''"
[0m11:50:15.186257 [debug] [MainThread]: Executing "git rev-parse HEAD"
[0m11:50:15.190298 [debug] [MainThread]: STDOUT: "b'74a661ca00452da7d2b2811ff1e5a37f152c3ee2\n'"
[0m11:50:15.190693 [debug] [MainThread]: STDERR: "b''"
[0m11:50:15.190913 [debug] [MainThread]: Already at 74a661c, nothing to do.
[0m11:50:15.191111 [debug] [MainThread]: Executing "git rev-parse HEAD"
[0m11:50:15.195033 [debug] [MainThread]: STDOUT: "b'74a661ca00452da7d2b2811ff1e5a37f152c3ee2\n'"
[0m11:50:15.195388 [debug] [MainThread]: STDERR: "b''"
[0m11:50:15.215018 [info ] [MainThread]: Updating lock file in file path: /Users/shrikanth/Shrikanth/dbt-helloworld/package-lock.yml
[0m11:50:15.216566 [debug] [MainThread]: Set downloads directory='/var/folders/ll/3nys2tln7dv4vrs7t9wxvd5w0000gn/T/dbt-downloads-s61z7p58'
[0m11:50:15.216853 [info ] [MainThread]: Installing https://github.com/dbt-labs/dbt-utils.git
[0m11:50:15.217074 [debug] [MainThread]: Executing "git clone --depth 1 https://github.com/dbt-labs/dbt-utils.git b03949bb53de3439f6a8057088ba4032"
[0m11:50:16.381733 [debug] [MainThread]: STDOUT: "b''"
[0m11:50:16.382324 [debug] [MainThread]: STDERR: "b"Cloning into 'b03949bb53de3439f6a8057088ba4032'...\n""
[0m11:50:16.382609 [debug] [MainThread]: Pulling new dependency b03949bb53de3439f6a8057088ba4032.
[0m11:50:16.382847 [debug] [MainThread]: Executing "git rev-parse HEAD"
[0m11:50:16.387876 [debug] [MainThread]: STDOUT: "b'fc98e4e30cd299ddd67c43902f2a5efa9511edfb\n'"
[0m11:50:16.388314 [debug] [MainThread]: STDERR: "b''"
[0m11:50:16.388534 [debug] [MainThread]: Checking out revision 74a661ca00452da7d2b2811ff1e5a37f152c3ee2.
[0m11:50:16.388735 [debug] [MainThread]: Executing "git fetch origin --depth 1 74a661ca00452da7d2b2811ff1e5a37f152c3ee2"
[0m11:50:17.746604 [debug] [MainThread]: STDOUT: "b''"
[0m11:50:17.747182 [debug] [MainThread]: STDERR: "b'From https://github.com/dbt-labs/dbt-utils\n * branch            74a661ca00452da7d2b2811ff1e5a37f152c3ee2 -> FETCH_HEAD\n'"
[0m11:50:17.747443 [debug] [MainThread]: Executing "git reset --hard 74a661ca00452da7d2b2811ff1e5a37f152c3ee2"
[0m11:50:17.765404 [debug] [MainThread]: STDOUT: "b'HEAD is now at 74a661c Update CHANGELOG for v1.1.1 (#803)\n'"
[0m11:50:17.765888 [debug] [MainThread]: STDERR: "b''"
[0m11:50:17.766113 [debug] [MainThread]: Executing "git rev-parse HEAD"
[0m11:50:17.770679 [debug] [MainThread]: STDOUT: "b'74a661ca00452da7d2b2811ff1e5a37f152c3ee2\n'"
[0m11:50:17.771112 [debug] [MainThread]: STDERR: "b''"
[0m11:50:17.771320 [debug] [MainThread]: Checked out at 74a661c.
[0m11:50:17.771528 [debug] [MainThread]: Executing "git rev-parse HEAD"
[0m11:50:17.775815 [debug] [MainThread]: STDOUT: "b'74a661ca00452da7d2b2811ff1e5a37f152c3ee2\n'"
[0m11:50:17.776234 [debug] [MainThread]: STDERR: "b''"
[0m11:50:17.777042 [debug] [MainThread]: Executing "git clone --depth 1 https://github.com/dbt-labs/dbt-utils.git b03949bb53de3439f6a8057088ba4032"
[0m11:50:17.781307 [debug] [MainThread]: STDOUT: "b''"
[0m11:50:17.781694 [debug] [MainThread]: STDERR: "b"fatal: destination path 'b03949bb53de3439f6a8057088ba4032' already exists and is not an empty directory.\n""
[0m11:50:17.781876 [debug] [MainThread]: command return code=128
[0m11:50:17.782483 [debug] [MainThread]: Updating existing dependency b03949bb53de3439f6a8057088ba4032.
[0m11:50:17.782677 [debug] [MainThread]: Executing "git rev-parse HEAD"
[0m11:50:17.786635 [debug] [MainThread]: STDOUT: "b'74a661ca00452da7d2b2811ff1e5a37f152c3ee2\n'"
[0m11:50:17.787026 [debug] [MainThread]: STDERR: "b''"
[0m11:50:17.787229 [debug] [MainThread]: Checking out revision 74a661ca00452da7d2b2811ff1e5a37f152c3ee2.
[0m11:50:17.787425 [debug] [MainThread]: Executing "git fetch origin --depth 1 74a661ca00452da7d2b2811ff1e5a37f152c3ee2"
[0m11:50:18.960558 [debug] [MainThread]: STDOUT: "b''"
[0m11:50:18.961205 [debug] [MainThread]: STDERR: "b'From https://github.com/dbt-labs/dbt-utils\n * branch            74a661ca00452da7d2b2811ff1e5a37f152c3ee2 -> FETCH_HEAD\n'"
[0m11:50:18.961487 [debug] [MainThread]: Executing "git reset --hard 74a661ca00452da7d2b2811ff1e5a37f152c3ee2"
[0m11:50:18.972752 [debug] [MainThread]: STDOUT: "b'HEAD is now at 74a661c Update CHANGELOG for v1.1.1 (#803)\n'"
[0m11:50:18.973464 [debug] [MainThread]: STDERR: "b''"
[0m11:50:18.973733 [debug] [MainThread]: Executing "git rev-parse HEAD"
[0m11:50:18.979463 [debug] [MainThread]: STDOUT: "b'74a661ca00452da7d2b2811ff1e5a37f152c3ee2\n'"
[0m11:50:18.980004 [debug] [MainThread]: STDERR: "b''"
[0m11:50:18.980254 [debug] [MainThread]: Already at 74a661c, nothing to do.
[0m11:50:18.980632 [info ] [MainThread]: Installed from revision 74a661ca00452da7d2b2811ff1e5a37f152c3ee2
[0m11:50:18.981007 [debug] [MainThread]: Sending event: {'category': 'dbt', 'action': 'package', 'label': 'a7811440-e2e3-452f-9c64-2cfd8478aa9f', 'property_': 'install', 'context': [<snowplow_tracker.self_describing_json.SelfDescribingJson object at 0x107169b50>, <snowplow_tracker.self_describing_json.SelfDescribingJson object at 0x107169be0>]}
[0m11:50:18.988607 [debug] [MainThread]: Resource report: {"command_name": "deps", "command_success": true, "command_wall_clock_time": 8.671388, "process_user_time": 0.752383, "process_kernel_time": 0.182012, "process_mem_max_rss": "91553792", "process_in_blocks": "0", "process_out_blocks": "0"}
[0m11:50:18.989121 [debug] [MainThread]: Command `dbt deps` succeeded at 11:50:18.989046 after 8.67 seconds
[0m11:50:18.989433 [debug] [MainThread]: Sending event: {'category': 'dbt', 'action': 'invocation', 'label': 'end', 'context': [<snowplow_tracker.self_describing_json.SelfDescribingJson object at 0x1029e3760>, <snowplow_tracker.self_describing_json.SelfDescribingJson object at 0x104563c70>, <snowplow_tracker.self_describing_json.SelfDescribingJson object at 0x107169b50>]}
[0m11:50:18.989681 [debug] [MainThread]: Flushing usage events
